<?xml version="1.0" encoding="UTF-8"?>
<!-- Generated by org.testng.reporters.JUnitReportReporter -->
<testsuite skipped="0" hostname="IN5CG61659J2" name="sruj.logpro" tests="2" failures="0" timestamp="21 Jan 2020 00:49:32 GMT" time="0.036" errors="0">
  <testcase name="pro" time="0.031" classname="sruj.logpro"/>
  <testcase name="lo" time="0.005" classname="sruj.logpro"/>
</testsuite> <!-- sruj.logpro -->
